<?xml version="1.0" encoding="UTF-8"?>
<!-- Generated by org.testng.reporters.JUnitReportReporter -->
<testsuite skipped="0" hostname="Hyd01L5157" name="com.smart.qa.testcase.AdminPageTest" tests="1" failures="0" timestamp="14 Sep 2018 04:18:59 GMT" time="79.718" errors="0">
  <testcase name="verifyusermanager_redirection" time="79.718" classname="com.smart.qa.testcase.AdminPageTest"/>
</testsuite> <!-- com.smart.qa.testcase.AdminPageTest -->
