<?xml version="1.0" encoding="UTF-8"?>
<!-- Generated by org.testng.reporters.JUnitReportReporter -->
<testsuite hostname="Hyd01L5157" name="com.smart.qa.testcase.UserPageTest" tests="2" failures="0" timestamp="19 Jul 2018 22:45:53 GMT" time="107.150" errors="0">
  <testcase name="verifyPageTittle" time="49.696" classname="com.smart.qa.testcase.UserPageTest"/>
  <testcase name="verifynewuserbutton" time="57.454" classname="com.smart.qa.testcase.UserPageTest"/>
</testsuite> <!-- com.smart.qa.testcase.UserPageTest -->
