<?xml version="1.0" encoding="UTF-8"?>
<!-- Generated by org.testng.reporters.JUnitReportReporter -->
<testsuite skipped="0" hostname="Hyd01L5157" name="com.smart.qa.testcase.CreateUserPage_Test" tests="1" failures="0" timestamp="10 Sep 2018 20:28:48 GMT" time="63.214" errors="0">
  <testcase name="verifynewuserbutton" time="63.214" classname="com.smart.qa.testcase.CreateUserPage_Test"/>
</testsuite> <!-- com.smart.qa.testcase.CreateUserPage_Test -->
