<?xml version="1.0" encoding="UTF-8"?>
<!-- Generated by org.testng.reporters.JUnitReportReporter -->
<testsuite hostname="Hyd01L5157" name="com.smart.qa.testcase.LoginPageTest" tests="2" failures="0" timestamp="21 Jun 2018 19:45:06 GMT" time="33.939" errors="0">
  <testcase name="SignbuttonTest" time="17.837" classname="com.smart.qa.testcase.LoginPageTest"/>
  <testcase name="LoginPageTittleTest" time="16.102" classname="com.smart.qa.testcase.LoginPageTest"/>
</testsuite> <!-- com.smart.qa.testcase.LoginPageTest -->
